<?xml version="1.0" encoding="UTF-8"?>
<coverage generated="1745765373593" clover="3.2.0">
  <project timestamp="1745765373593" name="All files">
    <metrics statements="84" coveredstatements="46" conditionals="46" coveredconditionals="24" methods="16" coveredmethods="8" elements="146" coveredelements="78" complexity="0" loc="84" ncloc="84" packages="2" files="2" classes="2"/>
    <package name="supadata-api-wrapper">
      <metrics statements="2" coveredstatements="2" conditionals="0" coveredconditionals="0" methods="0" coveredmethods="0"/>
      <file name="index.js" path="/Users/josepservatlorca/Desktop/supadata-api-wrapper/index.js">
        <metrics statements="2" coveredstatements="2" conditionals="0" coveredconditionals="0" methods="0" coveredmethods="0"/>
        <line num="1" count="2" type="stmt"/>
        <line num="3" count="2" type="stmt"/>
      </file>
    </package>
    <package name="supadata-api-wrapper.lib">
      <metrics statements="82" coveredstatements="44" conditionals="46" coveredconditionals="24" methods="16" coveredmethods="8"/>
      <file name="supadataClient.js" path="/Users/josepservatlorca/Desktop/supadata-api-wrapper/lib/supadataClient.js">
        <metrics statements="82" coveredstatements="44" conditionals="46" coveredconditionals="24" methods="16" coveredmethods="8"/>
        <line num="1" count="2" type="stmt"/>
        <line num="11" count="22" type="cond" truecount="2" falsecount="0"/>
        <line num="12" count="1" type="stmt"/>
        <line num="15" count="21" type="stmt"/>
        <line num="16" count="21" type="cond" truecount="2" falsecount="0"/>
        <line num="19" count="21" type="stmt"/>
        <line num="28" count="21" type="stmt"/>
        <line num="29" count="4" type="stmt"/>
        <line num="30" count="4" type="stmt"/>
        <line num="39" count="4" type="cond" truecount="2" falsecount="0"/>
        <line num="41" count="3" type="stmt"/>
        <line num="42" count="3" type="stmt"/>
        <line num="44" count="3" type="stmt"/>
        <line num="46" count="3" type="cond" truecount="2" falsecount="0"/>
        <line num="47" count="1" type="stmt"/>
        <line num="48" count="2" type="cond" truecount="2" falsecount="0"/>
        <line num="49" count="1" type="stmt"/>
        <line num="50" count="1" type="cond" truecount="3" falsecount="1"/>
        <line num="51" count="1" type="stmt"/>
        <line num="53" count="0" type="stmt"/>
        <line num="56" count="3" type="stmt"/>
        <line num="57" count="3" type="stmt"/>
        <line num="58" count="3" type="stmt"/>
        <line num="60" count="3" type="stmt"/>
        <line num="63" count="1" type="cond" truecount="1" falsecount="1"/>
        <line num="65" count="0" type="stmt"/>
        <line num="69" count="1" type="stmt"/>
        <line num="78" count="2" type="cond" truecount="2" falsecount="0"/>
        <line num="79" count="1" type="stmt"/>
        <line num="82" count="1" type="stmt"/>
        <line num="83" count="1" type="stmt"/>
        <line num="91" count="5" type="stmt"/>
        <line num="92" count="1" type="stmt"/>
        <line num="102" count="2" type="cond" truecount="2" falsecount="0"/>
        <line num="103" count="1" type="stmt"/>
        <line num="106" count="1" type="stmt"/>
        <line num="111" count="1" type="stmt"/>
        <line num="112" count="1" type="stmt"/>
        <line num="122" count="3" type="cond" truecount="2" falsecount="0"/>
        <line num="123" count="1" type="stmt"/>
        <line num="126" count="2" type="cond" truecount="2" falsecount="0"/>
        <line num="127" count="1" type="stmt"/>
        <line num="130" count="1" type="stmt"/>
        <line num="135" count="1" type="stmt"/>
        <line num="136" count="1" type="stmt"/>
        <line num="146" count="0" type="cond" truecount="0" falsecount="2"/>
        <line num="147" count="0" type="stmt"/>
        <line num="150" count="0" type="stmt"/>
        <line num="155" count="0" type="stmt"/>
        <line num="156" count="0" type="stmt"/>
        <line num="166" count="0" type="cond" truecount="0" falsecount="2"/>
        <line num="167" count="0" type="stmt"/>
        <line num="170" count="0" type="stmt"/>
        <line num="175" count="0" type="stmt"/>
        <line num="176" count="0" type="stmt"/>
        <line num="185" count="0" type="cond" truecount="0" falsecount="2"/>
        <line num="186" count="0" type="stmt"/>
        <line num="189" count="0" type="stmt"/>
        <line num="190" count="0" type="stmt"/>
        <line num="199" count="0" type="cond" truecount="0" falsecount="2"/>
        <line num="200" count="0" type="stmt"/>
        <line num="203" count="0" type="stmt"/>
        <line num="204" count="0" type="stmt"/>
        <line num="213" count="0" type="cond" truecount="0" falsecount="2"/>
        <line num="214" count="0" type="stmt"/>
        <line num="217" count="0" type="stmt"/>
        <line num="218" count="0" type="stmt"/>
        <line num="227" count="0" type="cond" truecount="0" falsecount="2"/>
        <line num="228" count="0" type="stmt"/>
        <line num="231" count="0" type="stmt"/>
        <line num="232" count="0" type="stmt"/>
        <line num="242" count="0" type="cond" truecount="0" falsecount="2"/>
        <line num="243" count="0" type="stmt"/>
        <line num="246" count="0" type="stmt"/>
        <line num="251" count="0" type="stmt"/>
        <line num="252" count="0" type="stmt"/>
        <line num="262" count="0" type="cond" truecount="0" falsecount="2"/>
        <line num="263" count="0" type="stmt"/>
        <line num="266" count="0" type="stmt"/>
        <line num="271" count="0" type="stmt"/>
        <line num="272" count="0" type="stmt"/>
        <line num="276" count="2" type="stmt"/>
      </file>
    </package>
  </project>
</coverage>
