{"/Users/josepservatlorca/Desktop/supadata-api-wrapper/index.js": {"path":"/Users/josepservatlorca/Desktop/supadata-api-wrapper/index.js","statementMap":{"0":{"start":{"line":1,"column":23},"end":{"line":1,"column":54}},"1":{"start":{"line":3,"column":0},"end":{"line":3,"column":32}}},"fnMap":{},"branchMap":{},"s":{"0":2,"1":2},"f":{},"b":{},"_coverageSchema":"1a1c01bbd47fc00a2c39e90264f33305004495a9","hash":"32796128896928868ba1020fb03672eb5facae2d"}
,"/Users/josepservatlorca/Desktop/supadata-api-wrapper/lib/supadataClient.js": {"path":"/Users/josepservatlorca/Desktop/supadata-api-wrapper/lib/supadataClient.js","statementMap":{"0":{"start":{"line":1,"column":14},"end":{"line":1,"column":30}},"1":{"start":{"line":11,"column":4},"end":{"line":13,"column":5}},"2":{"start":{"line":12,"column":6},"end":{"line":12,"column":45}},"3":{"start":{"line":15,"column":4},"end":{"line":15,"column":25}},"4":{"start":{"line":16,"column":4},"end":{"line":16,"column":64}},"5":{"start":{"line":19,"column":4},"end":{"line":25,"column":7}},"6":{"start":{"line":28,"column":4},"end":{"line":31,"column":6}},"7":{"start":{"line":29,"column":18},"end":{"line":29,"column":26}},"8":{"start":{"line":30,"column":15},"end":{"line":30,"column":41}},"9":{"start":{"line":39,"column":4},"end":{"line":61,"column":5}},"10":{"start":{"line":41,"column":21},"end":{"line":41,"column":42}},"11":{"start":{"line":42,"column":19},"end":{"line":42,"column":38}},"12":{"start":{"line":44,"column":20},"end":{"line":44,"column":54}},"13":{"start":{"line":46,"column":6},"end":{"line":54,"column":7}},"14":{"start":{"line":47,"column":8},"end":{"line":47,"column":48}},"15":{"start":{"line":48,"column":13},"end":{"line":54,"column":7}},"16":{"start":{"line":49,"column":8},"end":{"line":49,"column":41}},"17":{"start":{"line":50,"column":13},"end":{"line":54,"column":7}},"18":{"start":{"line":51,"column":8},"end":{"line":51,"column":32}},"19":{"start":{"line":53,"column":8},"end":{"line":53,"column":44}},"20":{"start":{"line":56,"column":28},"end":{"line":56,"column":46}},"21":{"start":{"line":57,"column":6},"end":{"line":57,"column":36}},"22":{"start":{"line":58,"column":6},"end":{"line":58,"column":32}},"23":{"start":{"line":60,"column":6},"end":{"line":60,"column":43}},"24":{"start":{"line":63,"column":4},"end":{"line":66,"column":5}},"25":{"start":{"line":65,"column":6},"end":{"line":65,"column":81}},"26":{"start":{"line":69,"column":4},"end":{"line":69,"column":33}},"27":{"start":{"line":78,"column":4},"end":{"line":80,"column":5}},"28":{"start":{"line":79,"column":6},"end":{"line":79,"column":46}},"29":{"start":{"line":82,"column":21},"end":{"line":82,"column":107}},"30":{"start":{"line":83,"column":4},"end":{"line":83,"column":25}},"31":{"start":{"line":91,"column":21},"end":{"line":91,"column":56}},"32":{"start":{"line":92,"column":4},"end":{"line":92,"column":25}},"33":{"start":{"line":102,"column":4},"end":{"line":104,"column":5}},"34":{"start":{"line":103,"column":6},"end":{"line":103,"column":41}},"35":{"start":{"line":106,"column":19},"end":{"line":109,"column":5}},"36":{"start":{"line":111,"column":21},"end":{"line":111,"column":72}},"37":{"start":{"line":112,"column":4},"end":{"line":112,"column":25}},"38":{"start":{"line":122,"column":4},"end":{"line":124,"column":5}},"39":{"start":{"line":123,"column":6},"end":{"line":123,"column":46}},"40":{"start":{"line":126,"column":4},"end":{"line":128,"column":5}},"41":{"start":{"line":127,"column":6},"end":{"line":127,"column":53}},"42":{"start":{"line":130,"column":19},"end":{"line":133,"column":5}},"43":{"start":{"line":135,"column":21},"end":{"line":135,"column":90}},"44":{"start":{"line":136,"column":4},"end":{"line":136,"column":25}},"45":{"start":{"line":146,"column":4},"end":{"line":148,"column":5}},"46":{"start":{"line":147,"column":6},"end":{"line":147,"column":41}},"47":{"start":{"line":150,"column":19},"end":{"line":153,"column":5}},"48":{"start":{"line":155,"column":21},"end":{"line":155,"column":69}},"49":{"start":{"line":156,"column":4},"end":{"line":156,"column":25}},"50":{"start":{"line":166,"column":4},"end":{"line":168,"column":5}},"51":{"start":{"line":167,"column":6},"end":{"line":167,"column":41}},"52":{"start":{"line":170,"column":20},"end":{"line":173,"column":5}},"53":{"start":{"line":175,"column":21},"end":{"line":175,"column":69}},"54":{"start":{"line":176,"column":4},"end":{"line":176,"column":25}},"55":{"start":{"line":185,"column":4},"end":{"line":187,"column":5}},"56":{"start":{"line":186,"column":6},"end":{"line":186,"column":44}},"57":{"start":{"line":189,"column":21},"end":{"line":189,"column":88}},"58":{"start":{"line":190,"column":4},"end":{"line":190,"column":25}},"59":{"start":{"line":199,"column":4},"end":{"line":201,"column":5}},"60":{"start":{"line":200,"column":6},"end":{"line":200,"column":46}},"61":{"start":{"line":203,"column":21},"end":{"line":203,"column":102}},"62":{"start":{"line":204,"column":4},"end":{"line":204,"column":25}},"63":{"start":{"line":213,"column":4},"end":{"line":215,"column":5}},"64":{"start":{"line":214,"column":6},"end":{"line":214,"column":48}},"65":{"start":{"line":217,"column":21},"end":{"line":217,"column":108}},"66":{"start":{"line":218,"column":4},"end":{"line":218,"column":25}},"67":{"start":{"line":227,"column":4},"end":{"line":229,"column":5}},"68":{"start":{"line":228,"column":6},"end":{"line":228,"column":49}},"69":{"start":{"line":231,"column":21},"end":{"line":231,"column":111}},"70":{"start":{"line":232,"column":4},"end":{"line":232,"column":25}},"71":{"start":{"line":242,"column":4},"end":{"line":244,"column":5}},"72":{"start":{"line":243,"column":6},"end":{"line":243,"column":48}},"73":{"start":{"line":246,"column":19},"end":{"line":249,"column":5}},"74":{"start":{"line":251,"column":21},"end":{"line":251,"column":84}},"75":{"start":{"line":252,"column":4},"end":{"line":252,"column":25}},"76":{"start":{"line":262,"column":4},"end":{"line":264,"column":5}},"77":{"start":{"line":263,"column":6},"end":{"line":263,"column":49}},"78":{"start":{"line":266,"column":19},"end":{"line":269,"column":5}},"79":{"start":{"line":271,"column":21},"end":{"line":271,"column":85}},"80":{"start":{"line":272,"column":4},"end":{"line":272,"column":25}},"81":{"start":{"line":276,"column":0},"end":{"line":276,"column":32}}},"fnMap":{"0":{"name":"(anonymous_0)","decl":{"start":{"line":10,"column":2},"end":{"line":10,"column":3}},"loc":{"start":{"line":10,"column":36},"end":{"line":32,"column":3}},"line":10},"1":{"name":"(anonymous_1)","decl":{"start":{"line":29,"column":6},"end":{"line":29,"column":7}},"loc":{"start":{"line":29,"column":18},"end":{"line":29,"column":26}},"line":29},"2":{"name":"(anonymous_2)","decl":{"start":{"line":30,"column":6},"end":{"line":30,"column":7}},"loc":{"start":{"line":30,"column":15},"end":{"line":30,"column":41}},"line":30},"3":{"name":"(anonymous_3)","decl":{"start":{"line":38,"column":2},"end":{"line":38,"column":3}},"loc":{"start":{"line":38,"column":24},"end":{"line":70,"column":3}},"line":38},"4":{"name":"(anonymous_4)","decl":{"start":{"line":77,"column":2},"end":{"line":77,"column":3}},"loc":{"start":{"line":77,"column":31},"end":{"line":84,"column":3}},"line":77},"5":{"name":"(anonymous_5)","decl":{"start":{"line":90,"column":2},"end":{"line":90,"column":3}},"loc":{"start":{"line":90,"column":22},"end":{"line":93,"column":3}},"line":90},"6":{"name":"(anonymous_6)","decl":{"start":{"line":101,"column":2},"end":{"line":101,"column":3}},"loc":{"start":{"line":101,"column":41},"end":{"line":113,"column":3}},"line":101},"7":{"name":"(anonymous_7)","decl":{"start":{"line":121,"column":2},"end":{"line":121,"column":3}},"loc":{"start":{"line":121,"column":53},"end":{"line":137,"column":3}},"line":121},"8":{"name":"(anonymous_8)","decl":{"start":{"line":145,"column":2},"end":{"line":145,"column":3}},"loc":{"start":{"line":145,"column":38},"end":{"line":157,"column":3}},"line":145},"9":{"name":"(anonymous_9)","decl":{"start":{"line":165,"column":2},"end":{"line":165,"column":3}},"loc":{"start":{"line":165,"column":40},"end":{"line":177,"column":3}},"line":165},"10":{"name":"(anonymous_10)","decl":{"start":{"line":184,"column":2},"end":{"line":184,"column":3}},"loc":{"start":{"line":184,"column":30},"end":{"line":191,"column":3}},"line":184},"11":{"name":"(anonymous_11)","decl":{"start":{"line":198,"column":2},"end":{"line":198,"column":3}},"loc":{"start":{"line":198,"column":26},"end":{"line":205,"column":3}},"line":198},"12":{"name":"(anonymous_12)","decl":{"start":{"line":212,"column":2},"end":{"line":212,"column":3}},"loc":{"start":{"line":212,"column":30},"end":{"line":219,"column":3}},"line":212},"13":{"name":"(anonymous_13)","decl":{"start":{"line":226,"column":2},"end":{"line":226,"column":3}},"loc":{"start":{"line":226,"column":32},"end":{"line":233,"column":3}},"line":226},"14":{"name":"(anonymous_14)","decl":{"start":{"line":241,"column":2},"end":{"line":241,"column":3}},"loc":{"start":{"line":241,"column":50},"end":{"line":253,"column":3}},"line":241},"15":{"name":"(anonymous_15)","decl":{"start":{"line":261,"column":2},"end":{"line":261,"column":3}},"loc":{"start":{"line":261,"column":52},"end":{"line":273,"column":3}},"line":261}},"branchMap":{"0":{"loc":{"start":{"line":10,"column":22},"end":{"line":10,"column":34}},"type":"default-arg","locations":[{"start":{"line":10,"column":32},"end":{"line":10,"column":34}}],"line":10},"1":{"loc":{"start":{"line":11,"column":4},"end":{"line":13,"column":5}},"type":"if","locations":[{"start":{"line":11,"column":4},"end":{"line":13,"column":5}},{"start":{},"end":{}}],"line":11},"2":{"loc":{"start":{"line":16,"column":19},"end":{"line":16,"column":63}},"type":"binary-expr","locations":[{"start":{"line":16,"column":19},"end":{"line":16,"column":34}},{"start":{"line":16,"column":38},"end":{"line":16,"column":63}}],"line":16},"3":{"loc":{"start":{"line":39,"column":4},"end":{"line":61,"column":5}},"type":"if","locations":[{"start":{"line":39,"column":4},"end":{"line":61,"column":5}},{"start":{},"end":{}}],"line":39},"4":{"loc":{"start":{"line":46,"column":6},"end":{"line":54,"column":7}},"type":"if","locations":[{"start":{"line":46,"column":6},"end":{"line":54,"column":7}},{"start":{"line":48,"column":13},"end":{"line":54,"column":7}}],"line":46},"5":{"loc":{"start":{"line":48,"column":13},"end":{"line":54,"column":7}},"type":"if","locations":[{"start":{"line":48,"column":13},"end":{"line":54,"column":7}},{"start":{"line":50,"column":13},"end":{"line":54,"column":7}}],"line":48},"6":{"loc":{"start":{"line":50,"column":13},"end":{"line":54,"column":7}},"type":"if","locations":[{"start":{"line":50,"column":13},"end":{"line":54,"column":7}},{"start":{"line":52,"column":13},"end":{"line":54,"column":7}}],"line":50},"7":{"loc":{"start":{"line":50,"column":17},"end":{"line":50,"column":37}},"type":"binary-expr","locations":[{"start":{"line":50,"column":17},"end":{"line":50,"column":21}},{"start":{"line":50,"column":25},"end":{"line":50,"column":37}}],"line":50},"8":{"loc":{"start":{"line":63,"column":4},"end":{"line":66,"column":5}},"type":"if","locations":[{"start":{"line":63,"column":4},"end":{"line":66,"column":5}},{"start":{},"end":{}}],"line":63},"9":{"loc":{"start":{"line":78,"column":4},"end":{"line":80,"column":5}},"type":"if","locations":[{"start":{"line":78,"column":4},"end":{"line":80,"column":5}},{"start":{},"end":{}}],"line":78},"10":{"loc":{"start":{"line":101,"column":27},"end":{"line":101,"column":39}},"type":"default-arg","locations":[{"start":{"line":101,"column":37},"end":{"line":101,"column":39}}],"line":101},"11":{"loc":{"start":{"line":102,"column":4},"end":{"line":104,"column":5}},"type":"if","locations":[{"start":{"line":102,"column":4},"end":{"line":104,"column":5}},{"start":{},"end":{}}],"line":102},"12":{"loc":{"start":{"line":122,"column":4},"end":{"line":124,"column":5}},"type":"if","locations":[{"start":{"line":122,"column":4},"end":{"line":124,"column":5}},{"start":{},"end":{}}],"line":122},"13":{"loc":{"start":{"line":126,"column":4},"end":{"line":128,"column":5}},"type":"if","locations":[{"start":{"line":126,"column":4},"end":{"line":128,"column":5}},{"start":{},"end":{}}],"line":126},"14":{"loc":{"start":{"line":145,"column":24},"end":{"line":145,"column":36}},"type":"default-arg","locations":[{"start":{"line":145,"column":34},"end":{"line":145,"column":36}}],"line":145},"15":{"loc":{"start":{"line":146,"column":4},"end":{"line":148,"column":5}},"type":"if","locations":[{"start":{"line":146,"column":4},"end":{"line":148,"column":5}},{"start":{},"end":{}}],"line":146},"16":{"loc":{"start":{"line":165,"column":26},"end":{"line":165,"column":38}},"type":"default-arg","locations":[{"start":{"line":165,"column":36},"end":{"line":165,"column":38}}],"line":165},"17":{"loc":{"start":{"line":166,"column":4},"end":{"line":168,"column":5}},"type":"if","locations":[{"start":{"line":166,"column":4},"end":{"line":168,"column":5}},{"start":{},"end":{}}],"line":166},"18":{"loc":{"start":{"line":185,"column":4},"end":{"line":187,"column":5}},"type":"if","locations":[{"start":{"line":185,"column":4},"end":{"line":187,"column":5}},{"start":{},"end":{}}],"line":185},"19":{"loc":{"start":{"line":199,"column":4},"end":{"line":201,"column":5}},"type":"if","locations":[{"start":{"line":199,"column":4},"end":{"line":201,"column":5}},{"start":{},"end":{}}],"line":199},"20":{"loc":{"start":{"line":213,"column":4},"end":{"line":215,"column":5}},"type":"if","locations":[{"start":{"line":213,"column":4},"end":{"line":215,"column":5}},{"start":{},"end":{}}],"line":213},"21":{"loc":{"start":{"line":227,"column":4},"end":{"line":229,"column":5}},"type":"if","locations":[{"start":{"line":227,"column":4},"end":{"line":229,"column":5}},{"start":{},"end":{}}],"line":227},"22":{"loc":{"start":{"line":241,"column":36},"end":{"line":241,"column":48}},"type":"default-arg","locations":[{"start":{"line":241,"column":46},"end":{"line":241,"column":48}}],"line":241},"23":{"loc":{"start":{"line":242,"column":4},"end":{"line":244,"column":5}},"type":"if","locations":[{"start":{"line":242,"column":4},"end":{"line":244,"column":5}},{"start":{},"end":{}}],"line":242},"24":{"loc":{"start":{"line":261,"column":38},"end":{"line":261,"column":50}},"type":"default-arg","locations":[{"start":{"line":261,"column":48},"end":{"line":261,"column":50}}],"line":261},"25":{"loc":{"start":{"line":262,"column":4},"end":{"line":264,"column":5}},"type":"if","locations":[{"start":{"line":262,"column":4},"end":{"line":264,"column":5}},{"start":{},"end":{}}],"line":262}},"s":{"0":2,"1":22,"2":1,"3":21,"4":21,"5":21,"6":21,"7":4,"8":4,"9":4,"10":3,"11":3,"12":3,"13":3,"14":1,"15":2,"16":1,"17":1,"18":1,"19":0,"20":3,"21":3,"22":3,"23":3,"24":1,"25":0,"26":1,"27":2,"28":1,"29":1,"30":1,"31":5,"32":1,"33":2,"34":1,"35":1,"36":1,"37":1,"38":3,"39":1,"40":2,"41":1,"42":1,"43":1,"44":1,"45":0,"46":0,"47":0,"48":0,"49":0,"50":0,"51":0,"52":0,"53":0,"54":0,"55":0,"56":0,"57":0,"58":0,"59":0,"60":0,"61":0,"62":0,"63":0,"64":0,"65":0,"66":0,"67":0,"68":0,"69":0,"70":0,"71":0,"72":0,"73":0,"74":0,"75":0,"76":0,"77":0,"78":0,"79":0,"80":0,"81":2},"f":{"0":22,"1":4,"2":4,"3":4,"4":2,"5":5,"6":2,"7":3,"8":0,"9":0,"10":0,"11":0,"12":0,"13":0,"14":0,"15":0},"b":{"0":[21],"1":[1,21],"2":[21,20],"3":[3,1],"4":[1,2],"5":[1,1],"6":[1,0],"7":[1,1],"8":[0,1],"9":[1,1],"10":[1],"11":[1,1],"12":[1,2],"13":[1,1],"14":[0],"15":[0,0],"16":[0],"17":[0,0],"18":[0,0],"19":[0,0],"20":[0,0],"21":[0,0],"22":[0],"23":[0,0],"24":[0],"25":[0,0]},"_coverageSchema":"1a1c01bbd47fc00a2c39e90264f33305004495a9","hash":"49f05de5b9e7f231db1c251cfd42285ca454d40e"}
}
