TN:
SF:index.js
FNF:0
FNH:0
DA:1,2
DA:3,2
LF:2
LH:2
BRF:0
BRH:0
end_of_record
TN:
SF:lib/supadataClient.js
FN:10,(anonymous_0)
FN:29,(anonymous_1)
FN:30,(anonymous_2)
FN:38,(anonymous_3)
FN:77,(anonymous_4)
FN:90,(anonymous_5)
FN:101,(anonymous_6)
FN:121,(anonymous_7)
FN:145,(anonymous_8)
FN:165,(anonymous_9)
FN:184,(anonymous_10)
FN:198,(anonymous_11)
FN:212,(anonymous_12)
FN:226,(anonymous_13)
FN:241,(anonymous_14)
FN:261,(anonymous_15)
FNF:16
FNH:8
FNDA:22,(anonymous_0)
FNDA:4,(anonymous_1)
FNDA:4,(anonymous_2)
FNDA:4,(anonymous_3)
FNDA:2,(anonymous_4)
FNDA:5,(anonymous_5)
FNDA:2,(anonymous_6)
FNDA:3,(anonymous_7)
FNDA:0,(anonymous_8)
FNDA:0,(anonymous_9)
FNDA:0,(anonymous_10)
FNDA:0,(anonymous_11)
FNDA:0,(anonymous_12)
FNDA:0,(anonymous_13)
FNDA:0,(anonymous_14)
FNDA:0,(anonymous_15)
DA:1,2
DA:11,22
DA:12,1
DA:15,21
DA:16,21
DA:19,21
DA:28,21
DA:29,4
DA:30,4
DA:39,4
DA:41,3
DA:42,3
DA:44,3
DA:46,3
DA:47,1
DA:48,2
DA:49,1
DA:50,1
DA:51,1
DA:53,0
DA:56,3
DA:57,3
DA:58,3
DA:60,3
DA:63,1
DA:65,0
DA:69,1
DA:78,2
DA:79,1
DA:82,1
DA:83,1
DA:91,5
DA:92,1
DA:102,2
DA:103,1
DA:106,1
DA:111,1
DA:112,1
DA:122,3
DA:123,1
DA:126,2
DA:127,1
DA:130,1
DA:135,1
DA:136,1
DA:146,0
DA:147,0
DA:150,0
DA:155,0
DA:156,0
DA:166,0
DA:167,0
DA:170,0
DA:175,0
DA:176,0
DA:185,0
DA:186,0
DA:189,0
DA:190,0
DA:199,0
DA:200,0
DA:203,0
DA:204,0
DA:213,0
DA:214,0
DA:217,0
DA:218,0
DA:227,0
DA:228,0
DA:231,0
DA:232,0
DA:242,0
DA:243,0
DA:246,0
DA:251,0
DA:252,0
DA:262,0
DA:263,0
DA:266,0
DA:271,0
DA:272,0
DA:276,2
LF:82
LH:44
BRDA:10,0,0,21
BRDA:11,1,0,1
BRDA:11,1,1,21
BRDA:16,2,0,21
BRDA:16,2,1,20
BRDA:39,3,0,3
BRDA:39,3,1,1
BRDA:46,4,0,1
BRDA:46,4,1,2
BRDA:48,5,0,1
BRDA:48,5,1,1
BRDA:50,6,0,1
BRDA:50,6,1,0
BRDA:50,7,0,1
BRDA:50,7,1,1
BRDA:63,8,0,0
BRDA:63,8,1,1
BRDA:78,9,0,1
BRDA:78,9,1,1
BRDA:101,10,0,1
BRDA:102,11,0,1
BRDA:102,11,1,1
BRDA:122,12,0,1
BRDA:122,12,1,2
BRDA:126,13,0,1
BRDA:126,13,1,1
BRDA:145,14,0,0
BRDA:146,15,0,0
BRDA:146,15,1,0
BRDA:165,16,0,0
BRDA:166,17,0,0
BRDA:166,17,1,0
BRDA:185,18,0,0
BRDA:185,18,1,0
BRDA:199,19,0,0
BRDA:199,19,1,0
BRDA:213,20,0,0
BRDA:213,20,1,0
BRDA:227,21,0,0
BRDA:227,21,1,0
BRDA:241,22,0,0
BRDA:242,23,0,0
BRDA:242,23,1,0
BRDA:261,24,0,0
BRDA:262,25,0,0
BRDA:262,25,1,0
BRF:46
BRH:24
end_of_record
